#
# A fatal error has been detected by the Java Runtime Environment:
#
#  EXCEPTION_ACCESS_VIOLATION (0xc0000005) at pc=0x000000005713d94f, pid=16580, tid=0x0000000000003634
#
# JRE version: OpenJDK Runtime Environment (8.0_202-b03) (build 1.8.0_202-release-1483-b03)
# Java VM: OpenJDK 64-Bit Server VM (25.202-b03 mixed mode windows-amd64 compressed oops)
# Problematic frame:
# V  [jvm.dll+0x44d94f]
#
# Failed to write core dump. Minidumps are not enabled by default on client versions of Windows
#
# If you would like to submit a bug report, please visit:
#   http://bugreport.java.com/bugreport/crash.jsp
#

---------------  T H R E A D  ---------------

Current thread (0x00000000184ff000):  JavaThread "C2 CompilerThread1" daemon [_thread_in_native, id=13876, stack(0x0000000018ec0000,0x0000000018fc0000)]

siginfo: ExceptionCode=0xc0000005, reading address 0x0000000000000000

Registers:
RAX=0x000000001d27a8c0, RBX=0x0000000000000000, RCX=0x0000000018fbc9a0, RDX=0x000000001d806e90
RSP=0x0000000018fbc940, RBP=0x0000000000000000, RSI=0x000000001d806e90, RDI=0x000000001aa3c607
R8 =0x0000000000000002, R9 =0x0000000000000004, R10=0x0000000000000000, R11=0x0000000018fbc8d0
R12=0x0000000018fbcb20, R13=0x0000000000000000, R14=0x000000001d255700, R15=0x000000001eaea000
RIP=0x000000005713d94f, EFLAGS=0x0000000000010246

Top of Stack: (sp=0x0000000018fbc940)
0x0000000018fbc940:   000000001d2556f0 0000000056d9970e
0x0000000018fbc950:   00000000166c5560 00000000166c5560
0x0000000018fbc960:   0000000000000000 0000000000000000
0x0000000018fbc970:   000000001eaea1b0 000000005713dca4
0x0000000018fbc980:   000000001d27a928 000000000000076d
0x0000000018fbc990:   000000000000005f 000000001caab380
0x0000000018fbc9a0:   0000000018fbcb40 000000005711124a
0x0000000018fbc9b0:   000000001f36d010 0000000056d9970e
0x0000000018fbc9c0:   000000005729b328 000000001d255700
0x0000000018fbc9d0:   0000000018fbcb20 000000001f371020
0x0000000018fbc9e0:   000000001f374ff8 000000005713ddb3
0x0000000018fbc9f0:   0000000018fbcb20 0000000000000000
0x0000000018fbca00:   000000001f36d010 00000000166c5560
0x0000000018fbca10:   000000001f371020 000000001f374ff8
0x0000000018fbca20:   000000001ec6c6f8 000000005729b328
0x0000000018fbca30:   0000000018fbef60 0000000000000001 

Instructions: (pc=0x000000005713d94f)
0x000000005713d92f:   57 48 83 ec 30 8b 7a 28 33 db 48 8b f2 ff cf 3b
0x000000005713d93f:   7a 18 73 0a 48 8b 42 20 48 8b 2c f8 eb 02 33 ed
0x000000005713d94f:   48 8b 45 00 48 8b cd ff 50 20 48 3b c5 74 03 2b
0x000000005713d95f:   7e 48 3b 7e 18 73 0a 48 8b 46 20 48 8b 2c f8 eb 


Register to memory mapping:

RAX=0x000000001d27a8c0 is an unknown value
RBX=0x0000000000000000 is an unknown value
RCX=0x0000000018fbc9a0 is pointing into the stack for thread: 0x00000000184ff000
RDX=0x000000001d806e90 is an unknown value
RSP=0x0000000018fbc940 is pointing into the stack for thread: 0x00000000184ff000
RBP=0x0000000000000000 is an unknown value
RSI=0x000000001d806e90 is an unknown value
RDI=0x000000001aa3c607 is an unknown value
R8 =0x0000000000000002 is an unknown value
R9 =0x0000000000000004 is an unknown value
R10=0x0000000000000000 is an unknown value
R11=0x0000000018fbc8d0 is pointing into the stack for thread: 0x00000000184ff000
R12=0x0000000018fbcb20 is pointing into the stack for thread: 0x00000000184ff000
R13=0x0000000000000000 is an unknown value
R14=0x000000001d255700 is an unknown value
R15=0x000000001eaea000 is an unknown value


Stack: [0x0000000018ec0000,0x0000000018fc0000],  sp=0x0000000018fbc940,  free space=1010k
Native frames: (J=compiled Java code, j=interpreted, Vv=VM code, C=native code)


Current CompileTask:
C2:  38395 5726   !   4       java.net.URLClassLoader$1::run (63 bytes)


---------------  P R O C E S S  ---------------

Java Threads: ( => current thread )
  0x000000001c814000 JavaThread "Memory manager" [_thread_blocked, id=14244, stack(0x00000000247d0000,0x00000000248d0000)]
  0x000000001c817000 JavaThread "Cache worker for Build Output Cleanup Cache (C:\Users\Pooja\StudioProjects\KotlinFirstPro\.gradle\buildOutputCleanup)" [_thread_blocked, id=7524, stack(0x0000000022b80000,0x0000000022c80000)]
  0x000000001c812800 JavaThread "Build operations Thread 8" [_thread_blocked, id=16988, stack(0x0000000022480000,0x0000000022580000)]
  0x000000001c80b000 JavaThread "Build operations Thread 7" [_thread_blocked, id=10656, stack(0x0000000022380000,0x0000000022480000)]
  0x000000001c80d800 JavaThread "Build operations Thread 6" [_thread_blocked, id=2816, stack(0x0000000022280000,0x0000000022380000)]
  0x000000001c812000 JavaThread "Build operations Thread 5" [_thread_blocked, id=16836, stack(0x0000000022180000,0x0000000022280000)]
  0x000000001c80a800 JavaThread "Build operations Thread 4" [_thread_blocked, id=6868, stack(0x0000000022080000,0x0000000022180000)]
  0x000000001c811000 JavaThread "Build operations Thread 3" [_thread_blocked, id=16956, stack(0x0000000021f80000,0x0000000022080000)]
  0x000000001c80f000 JavaThread "Build operations Thread 2" [_thread_blocked, id=16652, stack(0x0000000021e80000,0x0000000021f80000)]
  0x000000001c80c000 JavaThread "Build operations" [_thread_blocked, id=16792, stack(0x0000000021b00000,0x0000000021c00000)]
  0x000000001c809800 JavaThread "Cache worker for execution history cache (C:\Users\Pooja\.gradle\caches\5.4.1\executionHistory)" [_thread_blocked, id=1192, stack(0x0000000021600000,0x0000000021700000)]
  0x000000001c810800 JavaThread "Cache worker for cache directory md-rule (C:\Users\Pooja\.gradle\caches\5.4.1\md-rule)" [_thread_blocked, id=4248, stack(0x0000000021500000,0x0000000021600000)]
  0x000000001c809000 JavaThread "Cache worker for cache directory md-supplier (C:\Users\Pooja\.gradle\caches\5.4.1\md-supplier)" [_thread_blocked, id=6632, stack(0x000000001ff80000,0x0000000020080000)]
  0x000000001850e000 JavaThread "File lock release action executor" [_thread_blocked, id=15096, stack(0x000000001f880000,0x000000001f980000)]
  0x0000000018512800 JavaThread "Cache worker for file hash cache (C:\Users\Pooja\StudioProjects\KotlinFirstPro\.gradle\5.4.1\fileHashes)" [_thread_blocked, id=9844, stack(0x000000001f580000,0x000000001f680000)]
  0x0000000018512000 JavaThread "Cache worker for journal cache (C:\Users\Pooja\.gradle\caches\journal-1)" [_thread_blocked, id=17060, stack(0x000000001c110000,0x000000001c210000)]
  0x0000000018511000 JavaThread "File lock request listener" [_thread_in_native, id=17396, stack(0x000000001c010000,0x000000001c110000)]
  0x00000000199d2000 JavaThread "Cache worker for file hash cache (C:\Users\Pooja\.gradle\caches\5.4.1\fileHashes)" [_thread_blocked, id=11332, stack(0x000000001bf10000,0x000000001c010000)]
  0x000000001852a000 JavaThread "Thread-9" [_thread_blocked, id=14112, stack(0x000000001be10000,0x000000001bf10000)]
  0x000000001853a800 JavaThread "Stdin handler" [_thread_blocked, id=9924, stack(0x000000001bd10000,0x000000001be10000)]
  0x0000000019be6000 JavaThread "Asynchronous log dispatcher for DefaultDaemonConnection: socket connection from /127.0.0.1:58412 to /127.0.0.1:58413" [_thread_blocked, id=996, stack(0x000000001bc10000,0x000000001bd10000)]
  0x0000000019be6800 JavaThread "Daemon worker" [_thread_in_native, id=912, stack(0x000000001ba10000,0x000000001bb10000)]
  0x0000000018537800 JavaThread "Cancel handler" [_thread_blocked, id=9848, stack(0x000000001b910000,0x000000001ba10000)]
  0x000000001876a000 JavaThread "Handler for socket connection from /127.0.0.1:58412 to /127.0.0.1:58413" [_thread_in_native, id=6940, stack(0x000000001b610000,0x000000001b710000)]
  0x0000000018769800 JavaThread "Daemon" [_thread_blocked, id=3172, stack(0x000000001b510000,0x000000001b610000)]
  0x00000000187c9800 JavaThread "Daemon periodic checks" [_thread_blocked, id=17376, stack(0x000000001b410000,0x000000001b510000)]
  0x00000000187d9000 JavaThread "Incoming local TCP Connector on port 58412" [_thread_in_native, id=9312, stack(0x000000001b1d0000,0x000000001b2d0000)]
  0x000000001a493000 JavaThread "Daemon health stats" [_thread_blocked, id=3168, stack(0x000000001ab90000,0x000000001ac90000)]
  0x0000000018596800 JavaThread "Service Thread" daemon [_thread_blocked, id=14820, stack(0x00000000191c0000,0x00000000192c0000)]
  0x0000000018510800 JavaThread "C1 CompilerThread3" daemon [_thread_blocked, id=10600, stack(0x00000000190c0000,0x00000000191c0000)]
  0x00000000166db000 JavaThread "C2 CompilerThread2" daemon [_thread_blocked, id=15048, stack(0x0000000018fc0000,0x00000000190c0000)]
=>0x00000000184ff000 JavaThread "C2 CompilerThread1" daemon [_thread_in_native, id=13876, stack(0x0000000018ec0000,0x0000000018fc0000)]
  0x00000000184fb000 JavaThread "C2 CompilerThread0" daemon [_thread_blocked, id=13068, stack(0x0000000018dc0000,0x0000000018ec0000)]
  0x0000000018506800 JavaThread "Attach Listener" daemon [_thread_blocked, id=5492, stack(0x0000000018cc0000,0x0000000018dc0000)]
  0x0000000018505000 JavaThread "Signal Dispatcher" daemon [_thread_blocked, id=12204, stack(0x0000000018bc0000,0x0000000018cc0000)]
  0x000000000290b800 JavaThread "Finalizer" daemon [_thread_blocked, id=1324, stack(0x00000000189d0000,0x0000000018ad0000)]
  0x00000000184f0800 JavaThread "Reference Handler" daemon [_thread_blocked, id=13308, stack(0x00000000188d0000,0x00000000189d0000)]
  0x000000000270e000 JavaThread "main" [_thread_blocked, id=16364, stack(0x0000000002710000,0x0000000002810000)]

Other Threads:
  0x00000000166c6800 VMThread [stack: 0x00000000183d0000,0x00000000184d0000] [id=12816]
  0x0000000018597800 WatcherThread [stack: 0x00000000192c0000,0x00000000193c0000] [id=16316]

VM state:not at safepoint (normal execution)

VM Mutex/Monitor currently owned by a thread: None

heap address: 0x00000000a0000000, size: 1536 MB, Compressed Oops mode: 32-bit
Narrow klass base: 0x0000000000000000, Narrow klass shift: 3
Compressed class space size: 1073741824 Address: 0x0000000100000000

Heap:
 PSYoungGen      total 203264K, used 17844K [0x00000000e0000000, 0x00000000f1b00000, 0x0000000100000000)
  eden space 187392K, 9% used [0x00000000e0000000,0x00000000e116d0d0,0x00000000eb700000)
  from space 15872K, 0% used [0x00000000eb700000,0x00000000eb700000,0x00000000ec680000)
  to   space 23552K, 0% used [0x00000000f0400000,0x00000000f0400000,0x00000000f1b00000)
 ParOldGen       total 126976K, used 40732K [0x00000000a0000000, 0x00000000a7c00000, 0x00000000e0000000)
  object space 126976K, 32% used [0x00000000a0000000,0x00000000a27c7118,0x00000000a7c00000)
 Metaspace       used 59026K, capacity 60790K, committed 61056K, reserved 1101824K
  class space    used 7832K, capacity 8276K, committed 8320K, reserved 1048576K

Card table byte_map: [0x0000000011cd0000,0x0000000011fe0000] byte_map_base: 0x00000000117d0000

Marking Bits: (ParMarkBitMap*) 0x00000000574b9f30
 Begin Bits: [0x00000000129e0000, 0x00000000141e0000)
 End Bits:   [0x00000000141e0000, 0x00000000159e0000)

Polling page: 0x00000000007c0000

CodeCache: size=245760Kb used=17275Kb max_used=17286Kb free=228484Kb
 bounds [0x0000000002910000, 0x0000000003a10000, 0x0000000011910000]
 total_blobs=5981 nmethods=5178 adapters=717
 compilation: enabled

Compilation events (10 events):
Event: 38.181 Thread 0x0000000018510800 5854       3       org.gradle.internal.serialize.DefaultSerializerRegistry$TaggedTypeSerializer::write (31 bytes)
Event: 38.181 Thread 0x0000000018510800 nmethod 5854 0x00000000039f5a90 code [0x00000000039f5c20, 0x00000000039f5fe8]
Event: 38.181 Thread 0x0000000018510800 5856       3       java.io.ObjectOutputStream::writeString (74 bytes)
Event: 38.183 Thread 0x0000000018510800 nmethod 5856 0x00000000039f4a90 code [0x00000000039f4cc0, 0x00000000039f54d8]
Event: 38.183 Thread 0x0000000018510800 5855       3       org.gradle.internal.serialize.DefaultSerializerRegistry$TaggedTypeSerializer::map (110 bytes)
Event: 38.185 Thread 0x0000000018510800 nmethod 5855 0x00000000039ffd50 code [0x0000000003a00060, 0x0000000003a019c8]
Event: 38.185 Thread 0x0000000018510800 5857       1       org.gradle.internal.serialize.Serializers$StatefulSerializerAdapter::access$000 (5 bytes)
Event: 38.185 Thread 0x0000000018510800 nmethod 5857 0x00000000039f1e90 code [0x00000000039f1fe0, 0x00000000039f20d0]
Event: 38.243 Thread 0x00000000184fb000 5858       4       java.util.concurrent.ConcurrentLinkedQueue::poll (85 bytes)
Event: 38.246 Thread 0x00000000184fb000 nmethod 5858 0x0000000003a03ed0 code [0x0000000003a04020, 0x0000000003a041f8]

GC Heap History (10 events):
Event: 22.615 GC heap before
{Heap before GC invocations=8 (full 1):
 PSYoungGen      total 120320K, used 94013K [0x00000000e0000000, 0x00000000e9080000, 0x0000000100000000)
  eden space 111104K, 76% used [0x00000000e0000000,0x00000000e533e138,0x00000000e6c80000)
  from space 9216K, 95% used [0x00000000e8780000,0x00000000e9011390,0x00000000e9080000)
  to   space 12288K, 0% used [0x00000000e7880000,0x00000000e7880000,0x00000000e8480000)
 ParOldGen       total 56320K, used 10909K [0x00000000a0000000, 0x00000000a3700000, 0x00000000e0000000)
  object space 56320K, 19% used [0x00000000a0000000,0x00000000a0aa74a8,0x00000000a3700000)
 Metaspace       used 34685K, capacity 35362K, committed 35496K, reserved 1079296K
  class space    used 4612K, capacity 4815K, committed 4864K, reserved 1048576K
Event: 22.639 GC heap after
Heap after GC invocations=8 (full 1):
 PSYoungGen      total 135680K, used 12142K [0x00000000e0000000, 0x00000000ed680000, 0x0000000100000000)
  eden space 123392K, 0% used [0x00000000e0000000,0x00000000e0000000,0x00000000e7880000)
  from space 12288K, 98% used [0x00000000e7880000,0x00000000e845bba8,0x00000000e8480000)
  to   space 14336K, 0% used [0x00000000ec880000,0x00000000ec880000,0x00000000ed680000)
 ParOldGen       total 56320K, used 10917K [0x00000000a0000000, 0x00000000a3700000, 0x00000000e0000000)
  object space 56320K, 19% used [0x00000000a0000000,0x00000000a0aa94a8,0x00000000a3700000)
 Metaspace       used 34685K, capacity 35362K, committed 35496K, reserved 1079296K
  class space    used 4612K, capacity 4815K, committed 4864K, reserved 1048576K
}
Event: 22.639 GC heap before
{Heap before GC invocations=9 (full 2):
 PSYoungGen      total 135680K, used 12142K [0x00000000e0000000, 0x00000000ed680000, 0x0000000100000000)
  eden space 123392K, 0% used [0x00000000e0000000,0x00000000e0000000,0x00000000e7880000)
  from space 12288K, 98% used [0x00000000e7880000,0x00000000e845bba8,0x00000000e8480000)
  to   space 14336K, 0% used [0x00000000ec880000,0x00000000ec880000,0x00000000ed680000)
 ParOldGen       total 56320K, used 10917K [0x00000000a0000000, 0x00000000a3700000, 0x00000000e0000000)
  object space 56320K, 19% used [0x00000000a0000000,0x00000000a0aa94a8,0x00000000a3700000)
 Metaspace       used 34685K, capacity 35362K, committed 35496K, reserved 1079296K
  class space    used 4612K, capacity 4815K, committed 4864K, reserved 1048576K
Event: 22.750 GC heap after
Heap after GC invocations=9 (full 2):
 PSYoungGen      total 135680K, used 0K [0x00000000e0000000, 0x00000000ed680000, 0x0000000100000000)
  eden space 123392K, 0% used [0x00000000e0000000,0x00000000e0000000,0x00000000e7880000)
  from space 12288K, 0% used [0x00000000e7880000,0x00000000e7880000,0x00000000e8480000)
  to   space 14336K, 0% used [0x00000000ec880000,0x00000000ec880000,0x00000000ed680000)
 ParOldGen       total 79872K, used 17964K [0x00000000a0000000, 0x00000000a4e00000, 0x00000000e0000000)
  object space 79872K, 22% used [0x00000000a0000000,0x00000000a118b050,0x00000000a4e00000)
 Metaspace       used 34639K, capacity 35262K, committed 35496K, reserved 1079296K
  class space    used 4601K, capacity 4803K, committed 4864K, reserved 1048576K
}
Event: 29.615 GC heap before
{Heap before GC invocations=10 (full 2):
 PSYoungGen      total 135680K, used 123392K [0x00000000e0000000, 0x00000000ed680000, 0x0000000100000000)
  eden space 123392K, 100% used [0x00000000e0000000,0x00000000e7880000,0x00000000e7880000)
  from space 12288K, 0% used [0x00000000e7880000,0x00000000e7880000,0x00000000e8480000)
  to   space 14336K, 0% used [0x00000000ec880000,0x00000000ec880000,0x00000000ed680000)
 ParOldGen       total 79872K, used 17964K [0x00000000a0000000, 0x00000000a4e00000, 0x00000000e0000000)
  object space 79872K, 22% used [0x00000000a0000000,0x00000000a118b050,0x00000000a4e00000)
 Metaspace       used 42429K, capacity 43550K, committed 43648K, reserved 1087488K
  class space    used 5705K, capacity 5977K, committed 6016K, reserved 1048576K
Event: 29.649 GC heap after
Heap after GC invocations=10 (full 2):
 PSYoungGen      total 201216K, used 13463K [0x00000000e0000000, 0x00000000ed600000, 0x0000000100000000)
  eden space 187392K, 0% used [0x00000000e0000000,0x00000000e0000000,0x00000000eb700000)
  from space 13824K, 97% used [0x00000000ec880000,0x00000000ed5a5df8,0x00000000ed600000)
  to   space 15872K, 0% used [0x00000000eb700000,0x00000000eb700000,0x00000000ec680000)
 ParOldGen       total 79872K, used 17972K [0x00000000a0000000, 0x00000000a4e00000, 0x00000000e0000000)
  object space 79872K, 22% used [0x00000000a0000000,0x00000000a118d050,0x00000000a4e00000)
 Metaspace       used 42429K, capacity 43550K, committed 43648K, reserved 1087488K
  class space    used 5705K, capacity 5977K, committed 6016K, reserved 1048576K
}
Event: 37.130 GC heap before
{Heap before GC invocations=11 (full 2):
 PSYoungGen      total 201216K, used 200078K [0x00000000e0000000, 0x00000000ed600000, 0x0000000100000000)
  eden space 187392K, 99% used [0x00000000e0000000,0x00000000eb63dcf0,0x00000000eb700000)
  from space 13824K, 97% used [0x00000000ec880000,0x00000000ed5a5df8,0x00000000ed600000)
  to   space 15872K, 0% used [0x00000000eb700000,0x00000000eb700000,0x00000000ec680000)
 ParOldGen       total 79872K, used 17972K [0x00000000a0000000, 0x00000000a4e00000, 0x00000000e0000000)
  object space 79872K, 22% used [0x00000000a0000000,0x00000000a118d050,0x00000000a4e00000)
 Metaspace       used 57500K, capacity 59124K, committed 59160K, reserved 1099776K
  class space    used 7662K, capacity 8057K, committed 8064K, reserved 1048576K
Event: 37.185 GC heap after
Heap after GC invocations=11 (full 2):
 PSYoungGen      total 203264K, used 15844K [0x00000000e0000000, 0x00000000f1b00000, 0x0000000100000000)
  eden space 187392K, 0% used [0x00000000e0000000,0x00000000e0000000,0x00000000eb700000)
  from space 15872K, 99% used [0x00000000eb700000,0x00000000ec679330,0x00000000ec680000)
  to   space 23552K, 0% used [0x00000000f0400000,0x00000000f0400000,0x00000000f1b00000)
 ParOldGen       total 79872K, used 31509K [0x00000000a0000000, 0x00000000a4e00000, 0x00000000e0000000)
  object space 79872K, 39% used [0x00000000a0000000,0x00000000a1ec54e8,0x00000000a4e00000)
 Metaspace       used 57500K, capacity 59124K, committed 59160K, reserved 1099776K
  class space    used 7662K, capacity 8057K, committed 8064K, reserved 1048576K
}
Event: 37.185 GC heap before
{Heap before GC invocations=12 (full 3):
 PSYoungGen      total 203264K, used 15844K [0x00000000e0000000, 0x00000000f1b00000, 0x0000000100000000)
  eden space 187392K, 0% used [0x00000000e0000000,0x00000000e0000000,0x00000000eb700000)
  from space 15872K, 99% used [0x00000000eb700000,0x00000000ec679330,0x00000000ec680000)
  to   space 23552K, 0% used [0x00000000f0400000,0x00000000f0400000,0x00000000f1b00000)
 ParOldGen       total 79872K, used 31509K [0x00000000a0000000, 0x00000000a4e00000, 0x00000000e0000000)
  object space 79872K, 39% used [0x00000000a0000000,0x00000000a1ec54e8,0x00000000a4e00000)
 Metaspace       used 57500K, capacity 59124K, committed 59160K, reserved 1099776K
  class space    used 7662K, capacity 8057K, committed 8064K, reserved 1048576K
Event: 37.572 GC heap after
Heap after GC invocations=12 (full 3):
 PSYoungGen      total 203264K, used 0K [0x00000000e0000000, 0x00000000f1b00000, 0x0000000100000000)
  eden space 187392K, 0% used [0x00000000e0000000,0x00000000e0000000,0x00000000eb700000)
  from space 15872K, 0% used [0x00000000eb700000,0x00000000eb700000,0x00000000ec680000)
  to   space 23552K, 0% used [0x00000000f0400000,0x00000000f0400000,0x00000000f1b00000)
 ParOldGen       total 126976K, used 40732K [0x00000000a0000000, 0x00000000a7c00000, 0x00000000e0000000)
  object space 126976K, 32% used [0x00000000a0000000,0x00000000a27c7118,0x00000000a7c00000)
 Metaspace       used 57482K, capacity 59064K, committed 59160K, reserved 1099776K
  class space    used 7657K, capacity 8047K, committed 8064K, reserved 1048576K
}

Deoptimization events (10 events):
Event: 33.326 Thread 0x0000000019be6800 Uncommon trap: reason=unstable_if action=reinterpret pc=0x0000000002d9e334 method=java.util.WeakHashMap.expungeStaleEntries()V @ 66
Event: 33.820 Thread 0x0000000019be6800 Uncommon trap: reason=unstable_if action=reinterpret pc=0x00000000037b661c method=org.gradle.internal.instantiation.AbstractClassGenerator$InjectionAnnotationValidator.validateMethod(Ljava/lang/reflect/Method;Lorg/gradle/internal/reflect/PropertyAccessorT
Event: 35.194 Thread 0x0000000019be6800 Uncommon trap: reason=unstable_if action=reinterpret pc=0x0000000002b5ec48 method=kotlin.reflect.jvm.internal.impl.protobuf.CodedInputStream.readRawVarint32()I @ 10
Event: 36.229 Thread 0x0000000019be6800 Uncommon trap: reason=unstable_if action=reinterpret pc=0x000000000336b9ec method=java.io.WinNTFileSystem.normalize(Ljava/lang/String;)Ljava/lang/String; @ 74
Event: 36.599 Thread 0x0000000019be6800 Uncommon trap: reason=bimorphic action=maybe_recompile pc=0x0000000002a5eb84 method=java.util.regex.Pattern$Slice.match(Ljava/util/regex/Matcher;ILjava/lang/CharSequence;)Z @ 75
Event: 36.660 Thread 0x0000000019be6800 Uncommon trap: reason=bimorphic action=maybe_recompile pc=0x0000000002a5eb84 method=java.util.regex.Pattern$Slice.match(Ljava/util/regex/Matcher;ILjava/lang/CharSequence;)Z @ 75
Event: 36.674 Thread 0x0000000019be6800 Uncommon trap: reason=bimorphic action=maybe_recompile pc=0x0000000002a5eb84 method=java.util.regex.Pattern$Slice.match(Ljava/util/regex/Matcher;ILjava/lang/CharSequence;)Z @ 75
Event: 36.748 Thread 0x0000000019be6800 Uncommon trap: reason=bimorphic action=maybe_recompile pc=0x0000000002a5eb84 method=java.util.regex.Pattern$Slice.match(Ljava/util/regex/Matcher;ILjava/lang/CharSequence;)Z @ 75
Event: 36.770 Thread 0x0000000019be6800 Uncommon trap: reason=bimorphic action=maybe_recompile pc=0x0000000002a235f4 method=java.util.regex.Pattern$Slice.match(Ljava/util/regex/Matcher;ILjava/lang/CharSequence;)Z @ 75
Event: 38.125 Thread 0x0000000019be6800 Uncommon trap: reason=unstable_if action=reinterpret pc=0x0000000002b32ea4 method=java.util.Collections$SetFromMap.remove(Ljava/lang/Object;)Z @ 10

Classes redefined (0 events):
No events

Internal exceptions (10 events):
Event: 34.563 Thread 0x0000000019be6800 Exception <a 'java/lang/NoSuchMethodError': java.lang.Object.lambda$comparing$77a9974f$1(Ljava/util/function/Function;Ljava/lang/Object;Ljava/lang/Object;)I> (0x00000000e723b438) thrown at [D:\src\AOSP-openjdk-cygwin\jdk8u\hotspot\src\share\vm\interpreter
Event: 34.570 Thread 0x0000000019be6800 Exception <a 'java/lang/NoSuchMethodError': java.lang.Object.lambda$comparingInt$7b0bb60$1(Ljava/util/function/ToIntFunction;Ljava/lang/Object;Ljava/lang/Object;)I> (0x00000000e7245a38) thrown at [D:\src\AOSP-openjdk-cygwin\jdk8u\hotspot\src\share\vm\inte
Event: 34.572 Thread 0x0000000019be6800 Exception <a 'java/lang/NoSuchMethodError': java.lang.Object.lambda$thenComparing$36697e65$1(Ljava/util/Comparator;Ljava/lang/Object;Ljava/lang/Object;)I> (0x00000000e724e5c0) thrown at [D:\src\AOSP-openjdk-cygwin\jdk8u\hotspot\src\share\vm\interpreter\li
Event: 34.583 Thread 0x0000000019be6800 Exception <a 'java/lang/NoSuchMethodError': java.lang.Object.lambda$comparing$ea9a8b3a$1(Ljava/util/Comparator;Ljava/util/function/Function;Ljava/lang/Object;Ljava/lang/Object;)I> (0x00000000e725c070) thrown at [D:\src\AOSP-openjdk-cygwin\jdk8u\hotspot\sr
Event: 35.968 Thread 0x0000000019be6800 Exception <a 'java/lang/ClassNotFoundException': com/android/build/gradle/internal/api/ApkVariantOutputImpl_DecoratedBeanInfo> (0x00000000ea6b6548) thrown at [D:\src\AOSP-openjdk-cygwin\jdk8u\hotspot\src\share\vm\classfile\systemDictionary.cpp, line 210]
Event: 35.969 Thread 0x0000000019be6800 Exception <a 'java/lang/ClassNotFoundException': com/android/build/gradle/internal/api/ApkVariantOutputImplBeanInfo> (0x00000000ea6d2bf0) thrown at [D:\src\AOSP-openjdk-cygwin\jdk8u\hotspot\src\share\vm\classfile\systemDictionary.cpp, line 210]
Event: 35.970 Thread 0x0000000019be6800 Exception <a 'java/lang/ClassNotFoundException': com/android/build/gradle/internal/api/BaseVariantOutputImplBeanInfo> (0x00000000ea6f0428) thrown at [D:\src\AOSP-openjdk-cygwin\jdk8u\hotspot\src\share\vm\classfile\systemDictionary.cpp, line 210]
Event: 35.971 Thread 0x0000000019be6800 Exception <a 'java/lang/ClassNotFoundException': com/android/build/gradle/internal/api/BaseVariantOutputImplCustomizer> (0x00000000ea70e198) thrown at [D:\src\AOSP-openjdk-cygwin\jdk8u\hotspot\src\share\vm\classfile\systemDictionary.cpp, line 210]
Event: 35.973 Thread 0x0000000019be6800 Exception <a 'java/lang/ClassNotFoundException': com/android/build/gradle/internal/api/ApkVariantOutputImplCustomizer> (0x00000000ea745d40) thrown at [D:\src\AOSP-openjdk-cygwin\jdk8u\hotspot\src\share\vm\classfile\systemDictionary.cpp, line 210]
Event: 35.975 Thread 0x0000000019be6800 Exception <a 'java/lang/ClassNotFoundException': com/android/build/gradle/internal/api/ApkVariantOutputImpl_DecoratedCustomizer> (0x00000000ea778dc8) thrown at [D:\src\AOSP-openjdk-cygwin\jdk8u\hotspot\src\share\vm\classfile\systemDictionary.cpp, line 210

Events (10 events):
Event: 38.186 loading class org/gradle/tooling/internal/adapter/ProtocolToModelAdapter
Event: 38.186 loading class org/gradle/tooling/internal/adapter/ProtocolToModelAdapter done
Event: 38.216 loading class org/gradle/tooling/internal/adapter/ObjectGraphAdapter
Event: 38.216 loading class org/gradle/tooling/internal/adapter/ObjectGraphAdapter done
Event: 38.218 loading class org/gradle/tooling/internal/adapter/ProtocolToModelAdapter$ViewDecoration
Event: 38.218 loading class org/gradle/tooling/internal/adapter/ProtocolToModelAdapter$ViewDecoration done
Event: 38.219 loading class org/gradle/tooling/internal/adapter/ViewBuilder
Event: 38.219 loading class org/gradle/tooling/internal/adapter/ViewBuilder done
Event: 38.220 loading class org/gradle/internal/typeconversion/TypeConversionException
Event: 38.220 loading class org/gradle/internal/typeconversion/TypeConversionException done


Dynamic libraries:
0x00007ff681c00000 - 0x00007ff681c31000 	C:\Program Files\Android\Android Studio\jre\bin\java.exe
0x00007ffc1bd30000 - 0x00007ffc1bf11000 	C:\WINDOWS\SYSTEM32\ntdll.dll
0x00007ffc19260000 - 0x00007ffc19311000 	C:\WINDOWS\System32\KERNEL32.DLL
0x00007ffc188d0000 - 0x00007ffc18b43000 	C:\WINDOWS\System32\KERNELBASE.dll
0x00007ffc195e0000 - 0x00007ffc19681000 	C:\WINDOWS\System32\ADVAPI32.dll
0x00007ffc19970000 - 0x00007ffc19a0e000 	C:\WINDOWS\System32\msvcrt.dll
0x00007ffc193a0000 - 0x00007ffc193fb000 	C:\WINDOWS\System32\sechost.dll
0x00007ffc19690000 - 0x00007ffc197b4000 	C:\WINDOWS\System32\RPCRT4.dll
0x00007ffc19a10000 - 0x00007ffc19ba0000 	C:\WINDOWS\System32\USER32.dll
0x00007ffc18e00000 - 0x00007ffc18e20000 	C:\WINDOWS\System32\win32u.dll
0x00007ffc19860000 - 0x00007ffc19888000 	C:\WINDOWS\System32\GDI32.dll
0x00007ffc18b50000 - 0x00007ffc18ce1000 	C:\WINDOWS\System32\gdi32full.dll
0x00007ffc18f20000 - 0x00007ffc18fbf000 	C:\WINDOWS\System32\msvcp_win.dll
0x00007ffc18e20000 - 0x00007ffc18f18000 	C:\WINDOWS\System32\ucrtbase.dll
0x00007ffc0eb00000 - 0x00007ffc0ed69000 	C:\WINDOWS\WinSxS\amd64_microsoft.windows.common-controls_6595b64144ccf1df_6.0.17134.1006_none_d3fbb8f77c940c3f\COMCTL32.dll
0x00007ffc1b790000 - 0x00007ffc1bab1000 	C:\WINDOWS\System32\combase.dll
0x00007ffc18850000 - 0x00007ffc188c9000 	C:\WINDOWS\System32\bcryptPrimitives.dll
0x00007ffc1b220000 - 0x00007ffc1b24d000 	C:\WINDOWS\System32\IMM32.DLL
0x0000000056610000 - 0x00000000566e2000 	C:\Program Files\Android\Android Studio\jre\jre\bin\msvcr100.dll
0x0000000056cf0000 - 0x0000000057536000 	C:\Program Files\Android\Android Studio\jre\jre\bin\server\jvm.dll
0x00007ffc1bc80000 - 0x00007ffc1bc88000 	C:\WINDOWS\System32\PSAPI.DLL
0x00007ffc13cf0000 - 0x00007ffc13cfa000 	C:\WINDOWS\SYSTEM32\VERSION.dll
0x00007ffc0cad0000 - 0x00007ffc0cad9000 	C:\WINDOWS\SYSTEM32\WSOCK32.dll
0x00007ffc1bc90000 - 0x00007ffc1bcfc000 	C:\WINDOWS\System32\WS2_32.dll
0x00007ffc16250000 - 0x00007ffc16273000 	C:\WINDOWS\SYSTEM32\WINMM.dll
0x00007ffc16220000 - 0x00007ffc1624a000 	C:\WINDOWS\SYSTEM32\winmmbase.dll
0x00007ffc180f0000 - 0x00007ffc18139000 	C:\WINDOWS\System32\cfgmgr32.dll
0x00007ffc0cac0000 - 0x00007ffc0cacf000 	C:\Program Files\Android\Android Studio\jre\jre\bin\verify.dll
0x00007ffc0b210000 - 0x00007ffc0b239000 	C:\Program Files\Android\Android Studio\jre\jre\bin\java.dll
0x00007ffc0a320000 - 0x00007ffc0a336000 	C:\Program Files\Android\Android Studio\jre\jre\bin\zip.dll
0x00007ffc19ba0000 - 0x00007ffc1afe2000 	C:\WINDOWS\System32\SHELL32.dll
0x00007ffc191b0000 - 0x00007ffc19259000 	C:\WINDOWS\System32\shcore.dll
0x00007ffc18140000 - 0x00007ffc1884e000 	C:\WINDOWS\System32\windows.storage.dll
0x00007ffc19580000 - 0x00007ffc195d1000 	C:\WINDOWS\System32\shlwapi.dll
0x00007ffc180d0000 - 0x00007ffc180e1000 	C:\WINDOWS\System32\kernel.appcore.dll
0x00007ffc180b0000 - 0x00007ffc180cf000 	C:\WINDOWS\System32\profapi.dll
0x00007ffc18030000 - 0x00007ffc1807c000 	C:\WINDOWS\System32\powrprof.dll
0x00007ffc18080000 - 0x00007ffc1808a000 	C:\WINDOWS\System32\FLTLIB.DLL
0x00007ffc0a160000 - 0x00007ffc0a17a000 	C:\Program Files\Android\Android Studio\jre\jre\bin\net.dll
0x00007ffc17850000 - 0x00007ffc178b6000 	C:\WINDOWS\system32\mswsock.dll
0x00007ffc09cf0000 - 0x00007ffc09d01000 	C:\Program Files\Android\Android Studio\jre\jre\bin\nio.dll
0x00007ffbfed40000 - 0x00007ffbfed66000 	C:\Users\Pooja\.gradle\native\29\windows-amd64\native-platform.dll
0x00007ffc0ade0000 - 0x00007ffc0aded000 	C:\Program Files\Android\Android Studio\jre\jre\bin\management.dll
0x00007ffc17a60000 - 0x00007ffc17a77000 	C:\WINDOWS\SYSTEM32\CRYPTSP.dll
0x00007ffc17400000 - 0x00007ffc17433000 	C:\WINDOWS\system32\rsaenh.dll
0x00007ffc17b90000 - 0x00007ffc17bb5000 	C:\WINDOWS\SYSTEM32\bcrypt.dll
0x00007ffc17f60000 - 0x00007ffc17f88000 	C:\WINDOWS\SYSTEM32\USERENV.dll
0x00007ffc17a80000 - 0x00007ffc17a8b000 	C:\WINDOWS\SYSTEM32\CRYPTBASE.dll
0x00007ffc175a0000 - 0x00007ffc175d8000 	C:\WINDOWS\SYSTEM32\IPHLPAPI.DLL
0x00007ffc19960000 - 0x00007ffc19968000 	C:\WINDOWS\System32\NSI.dll
0x00007ffc0ff60000 - 0x00007ffc0ff76000 	C:\WINDOWS\SYSTEM32\dhcpcsvc6.DLL
0x00007ffc10130000 - 0x00007ffc1014a000 	C:\WINDOWS\SYSTEM32\dhcpcsvc.DLL
0x00007ffc06190000 - 0x00007ffc06359000 	C:\WINDOWS\SYSTEM32\dbghelp.dll

VM Arguments:
jvm_args: -Xmx1536m -Dfile.encoding=windows-1252 -Duser.country=IN -Duser.language=en -Duser.variant 
java_command: org.gradle.launcher.daemon.bootstrap.GradleDaemon 5.4.1
java_class_path (initial): C:\Users\Pooja\.gradle\wrapper\dists\gradle-5.4.1-all\3221gyojl5jsh0helicew7rwx\gradle-5.4.1\lib\gradle-launcher-5.4.1.jar
Launcher Type: SUN_STANDARD

Environment Variables:
PATH=C:\WINDOWS\system32;C:\WINDOWS;C:\WINDOWS\System32\Wbem;C:\WINDOWS\System32\WindowsPowerShell\v1.0\;C:\Program Files\Git\cmd;C:\WINDOWS\System32\OpenSSH\;C:\Users\Pooja\AppData\Local\Microsoft\WindowsApps;
USERNAME=Pooja
OS=Windows_NT
PROCESSOR_IDENTIFIER=AMD64 Family 23 Model 17 Stepping 0, AuthenticAMD



---------------  S Y S T E M  ---------------

OS: Windows 10.0 , 64 bit Build 17134 (10.0.17134.753)

CPU:total 8 (initial active 8) (8 cores per cpu, 1 threads per core) family 23 model 17 stepping 0, cmov, cx8, fxsr, mmx, sse, sse2, sse3, ssse3, sse4.1, sse4.2, popcnt, avx, avx2, aes, clmul, mmxext, 3dnowpref, lzcnt, sse4a, tsc, tscinvbit, tscinv, bmi1

Memory: 4k page, physical 8016248k(2308536k free), swap 11962624k(3371036k free)

vm_info: OpenJDK 64-Bit Server VM (25.202-b03) for windows-amd64 JRE (1.8.0_202-release-1483-b03), built by "builder" with MS VC++ 10.0 (VS2010)

time: Wed Oct 23 11:40:59 2019
timezone: India Standard Time
elapsed time: 38 seconds (0d 0h 0m 38s)

